<?xml version="1.0" encoding="UTF-8"?>
<!-- Generated by org.testng.reporters.JUnitXMLReporter -->
<testsuite ignored="10" hostname="DESKTOP-75SMLH3" failures="0" tests="1" name="Default test" time="4.987" errors="0" timestamp="2022-10-07T19:45:26 IST">
  <testcase classname="com.apiTest.bookTestApi" name="listOfBooks" time="4.879"/>
  <testcase classname="com.apiTest.bookTestApi" name="apiClient" time="0.0">
    <ignored/>
  </testcase> <!-- apiClient -->
  <testcase classname="com.apiTest.bookTestApi" name="bookStatusVerify" time="0.0">
    <ignored/>
  </testcase> <!-- bookStatusVerify -->
  <testcase classname="com.apiTest.bookTestApi" name="bookTestWelcome" time="0.0">
    <ignored/>
  </testcase> <!-- bookTestWelcome -->
  <testcase classname="com.apiTest.bookTestApi" name="orderBook" time="0.0">
    <ignored/>
  </testcase> <!-- orderBook -->
  <testcase classname="com.apiTest.bookTestApi" name="getSingleBook" time="0.0">
    <ignored/>
  </testcase> <!-- getSingleBook -->
  <testcase classname="com.apiTest.bookTestApi" name="getAllOrders" time="0.0">
    <ignored/>
  </testcase> <!-- getAllOrders -->
  <testcase classname="com.apiTest.bookTestApi" name="singleOrderStatus" time="0.0">
    <ignored/>
  </testcase> <!-- singleOrderStatus -->
  <testcase classname="com.apiTest.bookTestApi" name="listOfBooksType" time="0.0">
    <ignored/>
  </testcase> <!-- listOfBooksType -->
  <testcase classname="com.apiTest.bookTestApi" name="listOfBooksLimit" time="0.0">
    <ignored/>
  </testcase> <!-- listOfBooksLimit -->
  <testcase classname="com.apiTest.bookTestApi" name="bookStatus" time="0.0">
    <ignored/>
  </testcase> <!-- bookStatus -->
</testsuite> <!-- Default test -->
