<?xml version="1.0" encoding="UTF-8"?>
<testng-results ignored="10" total="11" passed="1" failed="0" skipped="0">
  <reporter-output>
  </reporter-output>
  <suite started-at="2022-10-07T19:45:21 IST" name="Default suite" finished-at="2022-10-07T19:45:26 IST" duration-ms="4987">
    <groups>
    </groups>
    <test started-at="2022-10-07T19:45:21 IST" name="Default test" finished-at="2022-10-07T19:45:26 IST" duration-ms="4987">
      <class name="com.apiTest.bookTestApi">
        <test-method signature="listOfBooks()[pri:0, instance:com.apiTest.bookTestApi@1ed6388a]" started-at="2022-10-07T19:45:22 IST" name="listOfBooks" finished-at="2022-10-07T19:45:26 IST" duration-ms="4879" status="PASS">
          <reporter-output>
          </reporter-output>
        </test-method> <!-- listOfBooks -->
      </class> <!-- com.apiTest.bookTestApi -->
    </test> <!-- Default test -->
  </suite> <!-- Default suite -->
</testng-results>
